7 26 23 53 18 2010 0.8060
7 26 23 53 21 2010 0.5910
7 26 23 53 21 2010 0.3010
7 26 23 53 23 2010 0.6010
7 26 23 53 36 2010 0.5750
7 26 23 53 37 2010 0.5770
7 26 23 53 38 2010 0.2920
7 26 23 53 39 2010 0.5720
7 26 23 53 42 2010 0.5780
7 26 23 53 43 2010 0.5780
7 26 23 53 44 2010 0.2950
7 26 23 53 45 2010 0.5800
7 26 23 53 51 2010 0.5790
7 26 23 53 52 2010 0.5750
7 26 23 53 53 2010 0.2890
7 26 23 53 54 2010 0.5810
7 26 23 54 00 2010 0.5770
7 26 23 54 01 2010 0.5790
7 26 23 54 02 2010 0.2910
7 26 23 54 03 2010 0.5750
